<?xml version="1.0" encoding="UTF-8"?>
<testsuite name="Assignment1SOFT2412.AdminTest" tests="3" skipped="0" failures="0" errors="0" timestamp="2023-09-17T07:03:21" hostname="DESKTOP-AGORCED" time="0.197">
  <properties/>
  <testcase name="testCreatOrderControl(Path)" classname="Assignment1SOFT2412.AdminTest" time="0.18"/>
  <testcase name="testSetAndGetAccount()" classname="Assignment1SOFT2412.AdminTest" time="0.011"/>
  <testcase name="testSetAndGetPassword()" classname="Assignment1SOFT2412.AdminTest" time="0.001"/>
  <system-out><![CDATA[]]></system-out>
  <system-err><![CDATA[]]></system-err>
</testsuite>
