<?xml version="1.0" encoding="UTF-8"?>
<testsuite name="Assignment1SOFT2412.ShoppingCartTest" tests="1" skipped="0" failures="0" errors="0" timestamp="2023-09-17T12:37:39" hostname="manaoyuandeMBP.gateway" time="0.001">
  <properties/>
  <testcase name="testAdd()" classname="Assignment1SOFT2412.ShoppingCartTest" time="0.001"/>
  <system-out><![CDATA[]]></system-out>
  <system-err><![CDATA[]]></system-err>
</testsuite>
