<?xml version="1.0" encoding="UTF-8"?>
<testsuite name="Assignment1SOFT2412.AskTest" tests="13" skipped="0" failures="0" errors="0" timestamp="2023-09-17T05:23:15" hostname="manaoyuandeMBP.gateway" time="0.093">
  <properties/>
  <testcase name="getNewItem()" classname="Assignment1SOFT2412.AskTest" time="0.035"/>
  <testcase name="testRegistration1()" classname="Assignment1SOFT2412.AskTest" time="0.005"/>
  <testcase name="testLogIn()" classname="Assignment1SOFT2412.AskTest" time="0.008"/>
  <testcase name="dashboard()" classname="Assignment1SOFT2412.AskTest" time="0.004"/>
  <testcase name="testID()" classname="Assignment1SOFT2412.AskTest" time="0.004"/>
  <testcase name="testRegistration_Admin()" classname="Assignment1SOFT2412.AskTest" time="0.004"/>
  <testcase name="end()" classname="Assignment1SOFT2412.AskTest" time="0.005"/>
  <testcase name="send()" classname="Assignment1SOFT2412.AskTest" time="0.004"/>
  <testcase name="isDashboard()" classname="Assignment1SOFT2412.AskTest" time="0.002"/>
  <testcase name="testRegistration_User()" classname="Assignment1SOFT2412.AskTest" time="0.002"/>
  <testcase name="isPurchase()" classname="Assignment1SOFT2412.AskTest" time="0.002"/>
  <testcase name="testMenuShow_or_dashboard()" classname="Assignment1SOFT2412.AskTest" time="0.002"/>
  <testcase name="testInitial_query()" classname="Assignment1SOFT2412.AskTest" time="0.003"/>
  <system-out><![CDATA[Please enter your item's name: Please enter your item's price: Please enter your item's description: Choose your identity: 
1. Admin
2. User
3. return last step
Please enter Account: Please enter Password: Please select the options below: 
1. Add items to the Menu
2. Update the items in Menu
3. Delete the items in Menu
4. Purchase items
Please enter the ID of you want to check
Create an Account: Create an Password: Please select the options below:
1. Check your all history Order
2. End
Please select the options below:
1. Pick it up at the store
2. Home delivery
Do you want to continue operating?
1. Yes
2. No
]]></system-out>
  <system-err><![CDATA[]]></system-err>
</testsuite>
