<?xml version="1.0" encoding="UTF-8"?>
<testsuite name="Assignment1SOFT2412.UserTest" tests="2" skipped="0" failures="0" errors="0" timestamp="2023-09-17T07:03:22" hostname="DESKTOP-AGORCED" time="0.012">
  <properties/>
  <testcase name="testCreatOrderControl()" classname="Assignment1SOFT2412.UserTest" time="0.008"/>
  <testcase name="testConstructor()" classname="Assignment1SOFT2412.UserTest" time="0.002"/>
  <system-out><![CDATA[]]></system-out>
  <system-err><![CDATA[]]></system-err>
</testsuite>
