<?xml version="1.0" encoding="UTF-8"?>
<testsuite name="Assignment1SOFT2412.ItemTest" tests="6" skipped="0" failures="0" errors="0" timestamp="2023-09-17T12:08:46" hostname="manaoyuandeMBP.gateway" time="0.004">
  <properties/>
  <testcase name="testGetPrice()" classname="Assignment1SOFT2412.ItemTest" time="0.0"/>
  <testcase name="testSetDescription()" classname="Assignment1SOFT2412.ItemTest" time="0.0"/>
  <testcase name="testGetName()" classname="Assignment1SOFT2412.ItemTest" time="0.001"/>
  <testcase name="testGetDescription()" classname="Assignment1SOFT2412.ItemTest" time="0.0"/>
  <testcase name="testSetName()" classname="Assignment1SOFT2412.ItemTest" time="0.0"/>
  <testcase name="testSetPrice()" classname="Assignment1SOFT2412.ItemTest" time="0.001"/>
  <system-out><![CDATA[]]></system-out>
  <system-err><![CDATA[]]></system-err>
</testsuite>
