<?xml version="1.0" encoding="UTF-8"?>
<testsuite name="Assignment1SOFT2412.MenuTest" tests="5" skipped="0" failures="0" errors="0" timestamp="2023-09-17T12:08:46" hostname="manaoyuandeMBP.gateway" time="0.016">
  <properties/>
  <testcase name="testShow()" classname="Assignment1SOFT2412.MenuTest" time="0.005"/>
  <testcase name="testWriteTxt()" classname="Assignment1SOFT2412.MenuTest" time="0.004"/>
  <testcase name="testReadTxt()" classname="Assignment1SOFT2412.MenuTest" time="0.002"/>
  <testcase name="testDelete()" classname="Assignment1SOFT2412.MenuTest" time="0.001"/>
  <testcase name="testUpdate()" classname="Assignment1SOFT2412.MenuTest" time="0.001"/>
  <system-out><![CDATA[]]></system-out>
  <system-err><![CDATA[]]></system-err>
</testsuite>
