<?xml version="1.0" encoding="UTF-8"?>
<testsuite name="Assignment1SOFT2412.PeopleTest" tests="4" skipped="0" failures="0" errors="0" timestamp="2023-09-17T07:03:22" hostname="DESKTOP-AGORCED" time="0.007">
  <properties/>
  <testcase name="testGetAndSetPassword()" classname="Assignment1SOFT2412.PeopleTest" time="0.001"/>
  <testcase name="testGetAndSetName()" classname="Assignment1SOFT2412.PeopleTest" time="0.001"/>
  <testcase name="testGetOrderList()" classname="Assignment1SOFT2412.PeopleTest" time="0.001"/>
  <testcase name="testGetAndSetAccount()" classname="Assignment1SOFT2412.PeopleTest" time="0.001"/>
  <system-out><![CDATA[]]></system-out>
  <system-err><![CDATA[]]></system-err>
</testsuite>
