<?xml version="1.0" encoding="UTF-8"?>
<testsuite name="Assignment1SOFT2412.UserTest" tests="2" skipped="0" failures="0" errors="0" timestamp="2023-09-17T12:08:46" hostname="manaoyuandeMBP.gateway" time="0.003">
  <properties/>
  <testcase name="testCreatOrderControl()" classname="Assignment1SOFT2412.UserTest" time="0.002"/>
  <testcase name="testConstructor()" classname="Assignment1SOFT2412.UserTest" time="0.001"/>
  <system-out><![CDATA[]]></system-out>
  <system-err><![CDATA[]]></system-err>
</testsuite>
